# JRE version: OpenJDK Runtime Environment (11.0.10) (build 11.0.10+0-b96-7249189)
# Java VM: OpenJDK 64-Bit Server VM (11.0.10+0-b96-7249189, mixed mode, tiered, compressed oops, g1 gc, windows-amd64)
Heap:
 garbage-first heap   total 262144K, used 123357K [0x00000000e0000000, 0x0000000100000000)
  region size 1024K, 8 young (8192K), 4 survivors (4096K)
 Metaspace       used 110855K, capacity 114671K, committed 114724K, reserved 354304K
  class space    used 13710K, capacity 15077K, committed 15104K, reserved 253952K
GC Heap History (20 events):
Event: 4367.650 GC heap before
{Heap before GC invocations=70 (full 0):
 garbage-first heap   total 262144K, used 117654K [0x00000000e0000000, 0x0000000100000000)
  region size 1024K, 12 young (12288K), 2 survivors (2048K)
 Metaspace       used 108574K, capacity 111983K, committed 112036K, reserved 352256K
  class space    used 13443K, capacity 14676K, committed 14720K, reserved 253952K
}
Event: 4367.654 GC heap after
{Heap after GC invocations=71 (full 0):
 garbage-first heap   total 262144K, used 103282K [0x00000000e0000000, 0x0000000100000000)
  region size 1024K, 2 young (2048K), 2 survivors (2048K)
 Metaspace       used 108574K, capacity 111983K, committed 112036K, reserved 352256K
  class space    used 13443K, capacity 14676K, committed 14720K, reserved 253952K
}
Event: 4368.000 GC heap before
{Heap before GC invocations=71 (full 0):
 garbage-first heap   total 262144K, used 194418K [0x00000000e0000000, 0x0000000100000000)
  region size 1024K, 91 young (93184K), 2 survivors (2048K)
 Metaspace       used 108574K, capacity 111983K, committed 112036K, reserved 352256K
  class space    used 13443K, capacity 14676K, committed 14720K, reserved 253952K
}
Event: 4368.003 GC heap after
{Heap after GC invocations=72 (full 0):
 garbage-first heap   total 262144K, used 104624K [0x00000000e0000000, 0x0000000100000000)
  region size 1024K, 3 young (3072K), 3 survivors (3072K)
 Metaspace       used 108574K, capacity 111983K, committed 112036K, reserved 352256K
  class space    used 13443K, capacity 14676K, committed 14720K, reserved 253952K
}
Event: 4368.322 GC heap before
{Heap before GC invocations=73 (full 0):
 garbage-first heap   total 262144K, used 200880K [0x00000000e0000000, 0x0000000100000000)
  region size 1024K, 97 young (99328K), 3 survivors (3072K)
 Metaspace       used 108592K, capacity 111983K, committed 112036K, reserved 352256K
  class space    used 13443K, capacity 14676K, committed 14720K, reserved 253952K
}
Event: 4368.327 GC heap after
{Heap after GC invocations=74 (full 0):
 garbage-first heap   total 262144K, used 104032K [0x00000000e0000000, 0x0000000100000000)
  region size 1024K, 4 young (4096K), 4 survivors (4096K)
 Metaspace       used 108592K, capacity 111983K, committed 112036K, reserved 352256K
  class space    used 13443K, capacity 14676K, committed 14720K, reserved 253952K
}
Event: 4368.359 GC heap before
{Heap before GC invocations=74 (full 0):
 garbage-first heap   total 262144K, used 111200K [0x00000000e0000000, 0x0000000100000000)
  region size 1024K, 12 young (12288K), 4 survivors (4096K)
 Metaspace       used 108592K, capacity 111983K, committed 112036K, reserved 352256K
  class space    used 13443K, capacity 14676K, committed 14720K, reserved 253952K
}
Event: 4368.362 GC heap after
{Heap after GC invocations=75 (full 0):
 garbage-first heap   total 262144K, used 99566K [0x00000000e0000000, 0x0000000100000000)
  region size 1024K, 1 young (1024K), 1 survivors (1024K)
 Metaspace       used 108592K, capacity 111983K, committed 112036K, reserved 352256K
  class space    used 13443K, capacity 14676K, committed 14720K, reserved 253952K
}
Event: 4368.674 GC heap before
{Heap before GC invocations=75 (full 0):
 garbage-first heap   total 262144K, used 181486K [0x00000000e0000000, 0x0000000100000000)
  region size 1024K, 82 young (83968K), 1 survivors (1024K)
 Metaspace       used 108596K, capacity 111984K, committed 112036K, reserved 352256K
  class space    used 13443K, capacity 14676K, committed 14720K, reserved 253952K
}
Event: 4368.677 GC heap after
{Heap after GC invocations=76 (full 0):
 garbage-first heap   total 262144K, used 99109K [0x00000000e0000000, 0x0000000100000000)
  region size 1024K, 1 young (1024K), 1 survivors (1024K)
 Metaspace       used 108596K, capacity 111984K, committed 112036K, reserved 352256K
  class space    used 13443K, capacity 14676K, committed 14720K, reserved 253952K
}
Event: 4369.196 GC heap before
{Heap before GC invocations=77 (full 0):
 garbage-first heap   total 262144K, used 209701K [0x00000000e0000000, 0x0000000100000000)
  region size 1024K, 107 young (109568K), 1 survivors (1024K)
 Metaspace       used 108596K, capacity 111984K, committed 112036K, reserved 352256K
  class space    used 13443K, capacity 14676K, committed 14720K, reserved 253952K
}
Event: 4369.199 GC heap after
{Heap after GC invocations=78 (full 0):
 garbage-first heap   total 262144K, used 102673K [0x00000000e0000000, 0x0000000100000000)
  region size 1024K, 2 young (2048K), 2 survivors (2048K)
 Metaspace       used 108596K, capacity 111984K, committed 112036K, reserved 352256K
  class space    used 13443K, capacity 14676K, committed 14720K, reserved 253952K
}
Event: 4369.221 GC heap before
{Heap before GC invocations=78 (full 0):
 garbage-first heap   total 262144K, used 111889K [0x00000000e0000000, 0x0000000100000000)
  region size 1024K, 12 young (12288K), 2 survivors (2048K)
 Metaspace       used 108596K, capacity 111984K, committed 112036K, reserved 352256K
  class space    used 13443K, capacity 14676K, committed 14720K, reserved 253952K
}
Event: 4369.224 GC heap after
{Heap after GC invocations=79 (full 0):
 garbage-first heap   total 262144K, used 102408K [0x00000000e0000000, 0x0000000100000000)
  region size 1024K, 1 young (1024K), 1 survivors (1024K)
 Metaspace       used 108596K, capacity 111984K, committed 112036K, reserved 352256K
  class space    used 13443K, capacity 14676K, committed 14720K, reserved 253952K
}
Event: 4369.551 GC heap before
{Heap before GC invocations=79 (full 0):
 garbage-first heap   total 262144K, used 211976K [0x00000000e0000000, 0x0000000100000000)
  region size 1024K, 108 young (110592K), 1 survivors (1024K)
 Metaspace       used 108600K, capacity 111986K, committed 112036K, reserved 352256K
  class space    used 13443K, capacity 14676K, committed 14720K, reserved 253952K
}
Event: 4369.553 GC heap after
{Heap after GC invocations=80 (full 0):
 garbage-first heap   total 262144K, used 101010K [0x00000000e0000000, 0x0000000100000000)
  region size 1024K, 1 young (1024K), 1 survivors (1024K)
 Metaspace       used 108600K, capacity 111986K, committed 112036K, reserved 352256K
  class space    used 13443K, capacity 14676K, committed 14720K, reserved 253952K
}
Event: 4370.523 GC heap before
{Heap before GC invocations=81 (full 0):
 garbage-first heap   total 262144K, used 217746K [0x00000000e0000000, 0x0000000100000000)
  region size 1024K, 112 young (114688K), 1 survivors (1024K)
 Metaspace       used 109435K, capacity 113298K, committed 113572K, reserved 354304K
  class space    used 13531K, capacity 14921K, committed 14976K, reserved 253952K
}
Event: 4370.537 GC heap after
{Heap after GC invocations=82 (full 0):
 garbage-first heap   total 262144K, used 116540K [0x00000000e0000000, 0x0000000100000000)
  region size 1024K, 13 young (13312K), 13 survivors (13312K)
 Metaspace       used 109435K, capacity 113298K, committed 113572K, reserved 354304K
  class space    used 13531K, capacity 14921K, committed 14976K, reserved 253952K
}
Event: 4372.718 GC heap before
{Heap before GC invocations=82 (full 0):
 garbage-first heap   total 262144K, used 155452K [0x00000000e0000000, 0x0000000100000000)
  region size 1024K, 53 young (54272K), 13 survivors (13312K)
 Metaspace       used 110823K, capacity 114595K, committed 114724K, reserved 354304K
  class space    used 13709K, capacity 15075K, committed 15104K, reserved 253952K
}
Event: 4372.753 GC heap after
{Heap after GC invocations=83 (full 0):
 garbage-first heap   total 262144K, used 120285K [0x00000000e0000000, 0x0000000100000000)
  region size 1024K, 4 young (4096K), 4 survivors (4096K)
 Metaspace       used 110823K, capacity 114595K, committed 114724K, reserved 354304K
  class space    used 13709K, capacity 15075K, committed 15104K, reserved 253952K
}

